<?xml version="1.0" encoding="UTF-8"?>
<coverage generated="1617914457049" clover="3.2.0">
  <project timestamp="1617914457049" name="All files">
    <metrics statements="37" coveredstatements="30" conditionals="14" coveredconditionals="10" methods="17" coveredmethods="15" elements="68" coveredelements="55" complexity="0" loc="37" ncloc="37" packages="2" files="2" classes="2"/>
    <package name="src">
      <metrics statements="21" coveredstatements="20" conditionals="8" coveredconditionals="6" methods="12" coveredmethods="12"/>
      <file name="Neat.ts" path="/home/onino/Documents/git/temp/neat/src/Neat.ts">
        <metrics statements="21" coveredstatements="20" conditionals="8" coveredconditionals="6" methods="12" coveredmethods="12"/>
        <line num="19" count="1" type="stmt"/>
        <line num="26" count="3" type="cond" truecount="1" falsecount="1"/>
        <line num="27" count="3" type="stmt"/>
        <line num="33" count="1" type="stmt"/>
        <line num="34" count="3" type="cond" truecount="2" falsecount="0"/>
        <line num="50" count="1" type="stmt"/>
        <line num="55" count="1" type="stmt"/>
        <line num="57" count="1" type="stmt"/>
        <line num="59" count="1" type="stmt"/>
        <line num="61" count="1" type="stmt"/>
        <line num="68" count="6" type="stmt"/>
        <line num="69" count="6" type="stmt"/>
        <line num="77" count="6" type="cond" truecount="2" falsecount="0"/>
        <line num="79" count="3" type="stmt"/>
        <line num="84" count="1" type="stmt"/>
        <line num="85" count="1" type="stmt"/>
        <line num="87" count="1" type="stmt"/>
        <line num="89" count="1" type="stmt"/>
        <line num="91" count="1" type="cond" truecount="1" falsecount="1"/>
        <line num="92" count="1" type="stmt"/>
        <line num="94" count="0" type="stmt"/>
      </file>
    </package>
    <package name="src.utils">
      <metrics statements="16" coveredstatements="10" conditionals="6" coveredconditionals="4" methods="5" coveredmethods="3"/>
      <file name="helpers.ts" path="/home/onino/Documents/git/temp/neat/src/utils/helpers.ts">
        <metrics statements="16" coveredstatements="10" conditionals="6" coveredconditionals="4" methods="5" coveredmethods="3"/>
        <line num="1" count="1" type="stmt"/>
        <line num="10" count="2" type="stmt"/>
        <line num="11" count="5" type="cond" truecount="2" falsecount="0"/>
        <line num="12" count="1" type="stmt"/>
        <line num="15" count="1" type="stmt"/>
        <line num="16" count="1" type="stmt"/>
        <line num="17" count="1" type="stmt"/>
        <line num="18" count="3" type="stmt"/>
        <line num="19" count="3" type="cond" truecount="2" falsecount="0"/>
        <line num="21" count="1" type="stmt"/>
        <line num="24" count="0" type="stmt"/>
        <line num="25" count="0" type="stmt"/>
        <line num="26" count="0" type="stmt"/>
        <line num="27" count="0" type="stmt"/>
        <line num="28" count="0" type="cond" truecount="0" falsecount="2"/>
        <line num="30" count="0" type="stmt"/>
      </file>
    </package>
  </project>
</coverage>
