{"/home/onino/Documents/git/temp/neat/src/Neat.ts": {"path":"/home/onino/Documents/git/temp/neat/src/Neat.ts","statementMap":{"0":{"start":{"line":19,"column":50},"end":{"line":21,"column":1}},"1":{"start":{"line":26,"column":4},"end":{"line":30,"column":5}},"2":{"start":{"line":27,"column":6},"end":{"line":29,"column":8}},"3":{"start":{"line":33,"column":17},"end":{"line":35,"column":3}},"4":{"start":{"line":34,"column":35},"end":{"line":34,"column":64}},"5":{"start":{"line":50,"column":4},"end":{"line":50,"column":16}},"6":{"start":{"line":55,"column":4},"end":{"line":55,"column":37}},"7":{"start":{"line":57,"column":4},"end":{"line":57,"column":39}},"8":{"start":{"line":59,"column":4},"end":{"line":59,"column":40}},"9":{"start":{"line":61,"column":4},"end":{"line":61,"column":37}},"10":{"start":{"line":68,"column":45},"end":{"line":68,"column":66}},"11":{"start":{"line":69,"column":25},"end":{"line":69,"column":26}},"12":{"start":{"line":77,"column":4},"end":{"line":77,"column":67}},"13":{"start":{"line":79,"column":4},"end":{"line":79,"column":54}},"14":{"start":{"line":84,"column":4},"end":{"line":84,"column":41}},"15":{"start":{"line":85,"column":4},"end":{"line":95,"column":5}},"16":{"start":{"line":87,"column":6},"end":{"line":87,"column":38}},"17":{"start":{"line":89,"column":6},"end":{"line":89,"column":42}},"18":{"start":{"line":91,"column":6},"end":{"line":93,"column":7}},"19":{"start":{"line":92,"column":8},"end":{"line":92,"column":14}},"20":{"start":{"line":94,"column":6},"end":{"line":94,"column":19}}},"fnMap":{"0":{"name":"(anonymous_0)","decl":{"start":{"line":25,"column":2},"end":{"line":25,"column":3}},"loc":{"start":{"line":25,"column":63},"end":{"line":31,"column":3}},"line":25},"1":{"name":"(anonymous_1)","decl":{"start":{"line":34,"column":23},"end":{"line":34,"column":24}},"loc":{"start":{"line":34,"column":35},"end":{"line":34,"column":64}},"line":34},"2":{"name":"(anonymous_2)","decl":{"start":{"line":37,"column":2},"end":{"line":37,"column":3}},"loc":{"start":{"line":37,"column":42},"end":{"line":37,"column":44}},"line":37},"3":{"name":"(anonymous_3)","decl":{"start":{"line":39,"column":2},"end":{"line":39,"column":3}},"loc":{"start":{"line":39,"column":40},"end":{"line":39,"column":42}},"line":39},"4":{"name":"(anonymous_4)","decl":{"start":{"line":41,"column":2},"end":{"line":41,"column":3}},"loc":{"start":{"line":41,"column":37},"end":{"line":41,"column":39}},"line":41},"5":{"name":"(anonymous_5)","decl":{"start":{"line":43,"column":2},"end":{"line":43,"column":3}},"loc":{"start":{"line":43,"column":38},"end":{"line":43,"column":40}},"line":43},"6":{"name":"(anonymous_6)","decl":{"start":{"line":45,"column":2},"end":{"line":45,"column":3}},"loc":{"start":{"line":45,"column":41},"end":{"line":45,"column":43}},"line":45},"7":{"name":"(anonymous_7)","decl":{"start":{"line":47,"column":2},"end":{"line":47,"column":3}},"loc":{"start":{"line":47,"column":38},"end":{"line":47,"column":40}},"line":47},"8":{"name":"(anonymous_8)","decl":{"start":{"line":49,"column":2},"end":{"line":49,"column":3}},"loc":{"start":{"line":49,"column":47},"end":{"line":51,"column":3}},"line":49},"9":{"name":"(anonymous_9)","decl":{"start":{"line":53,"column":2},"end":{"line":53,"column":3}},"loc":{"start":{"line":53,"column":41},"end":{"line":62,"column":3}},"line":53},"10":{"name":"(anonymous_10)","decl":{"start":{"line":75,"column":2},"end":{"line":75,"column":3}},"loc":{"start":{"line":75,"column":51},"end":{"line":80,"column":3}},"line":75},"11":{"name":"(anonymous_11)","decl":{"start":{"line":82,"column":2},"end":{"line":82,"column":3}},"loc":{"start":{"line":82,"column":15},"end":{"line":96,"column":3}},"line":82}},"branchMap":{"0":{"loc":{"start":{"line":26,"column":4},"end":{"line":30,"column":5}},"type":"if","locations":[{"start":{"line":26,"column":4},"end":{"line":30,"column":5}},{"start":{"line":26,"column":4},"end":{"line":30,"column":5}}],"line":26},"1":{"loc":{"start":{"line":34,"column":35},"end":{"line":34,"column":64}},"type":"binary-expr","locations":[{"start":{"line":34,"column":35},"end":{"line":34,"column":54}},{"start":{"line":34,"column":58},"end":{"line":34,"column":64}}],"line":34},"2":{"loc":{"start":{"line":77,"column":4},"end":{"line":77,"column":66}},"type":"binary-expr","locations":[{"start":{"line":77,"column":4},"end":{"line":77,"column":18}},{"start":{"line":77,"column":22},"end":{"line":77,"column":66}}],"line":77},"3":{"loc":{"start":{"line":91,"column":6},"end":{"line":93,"column":7}},"type":"if","locations":[{"start":{"line":91,"column":6},"end":{"line":93,"column":7}},{"start":{"line":91,"column":6},"end":{"line":93,"column":7}}],"line":91}},"s":{"0":1,"1":3,"2":3,"3":1,"4":3,"5":1,"6":1,"7":1,"8":1,"9":1,"10":6,"11":6,"12":6,"13":3,"14":1,"15":1,"16":1,"17":1,"18":1,"19":1,"20":0},"f":{"0":3,"1":3,"2":1,"3":1,"4":1,"5":1,"6":1,"7":1,"8":1,"9":1,"10":6,"11":1},"b":{"0":[3,0],"1":[3,1],"2":[6,3],"3":[1,0]},"_coverageSchema":"1a1c01bbd47fc00a2c39e90264f33305004495a9","hash":"f463d4ca18344876c1bebc04b379c139f318217b"}
,"/home/onino/Documents/git/temp/neat/src/utils/helpers.ts": {"path":"/home/onino/Documents/git/temp/neat/src/utils/helpers.ts","statementMap":{"0":{"start":{"line":1,"column":23},"end":{"line":32,"column":1}},"1":{"start":{"line":10,"column":4},"end":{"line":14,"column":7}},"2":{"start":{"line":11,"column":6},"end":{"line":13,"column":7}},"3":{"start":{"line":12,"column":8},"end":{"line":12,"column":79}},"4":{"start":{"line":15,"column":14},"end":{"line":15,"column":15}},"5":{"start":{"line":16,"column":14},"end":{"line":16,"column":15}},"6":{"start":{"line":17,"column":4},"end":{"line":20,"column":7}},"7":{"start":{"line":18,"column":6},"end":{"line":18,"column":15}},"8":{"start":{"line":19,"column":6},"end":{"line":19,"column":39}},"9":{"start":{"line":19,"column":30},"end":{"line":19,"column":39}},"10":{"start":{"line":21,"column":4},"end":{"line":21,"column":15}},"11":{"start":{"line":24,"column":14},"end":{"line":24,"column":15}},"12":{"start":{"line":25,"column":14},"end":{"line":25,"column":15}},"13":{"start":{"line":26,"column":4},"end":{"line":29,"column":7}},"14":{"start":{"line":27,"column":6},"end":{"line":27,"column":15}},"15":{"start":{"line":28,"column":6},"end":{"line":28,"column":39}},"16":{"start":{"line":28,"column":30},"end":{"line":28,"column":39}},"17":{"start":{"line":30,"column":4},"end":{"line":30,"column":15}}},"fnMap":{"0":{"name":"(anonymous_0)","decl":{"start":{"line":9,"column":17},"end":{"line":9,"column":18}},"loc":{"start":{"line":9,"column":68},"end":{"line":22,"column":3}},"line":9},"1":{"name":"(anonymous_1)","decl":{"start":{"line":10,"column":19},"end":{"line":10,"column":20}},"loc":{"start":{"line":10,"column":26},"end":{"line":14,"column":5}},"line":10},"2":{"name":"(anonymous_2)","decl":{"start":{"line":17,"column":19},"end":{"line":17,"column":20}},"loc":{"start":{"line":17,"column":26},"end":{"line":20,"column":5}},"line":17},"3":{"name":"(anonymous_3)","decl":{"start":{"line":23,"column":15},"end":{"line":23,"column":16}},"loc":{"start":{"line":23,"column":66},"end":{"line":31,"column":3}},"line":23},"4":{"name":"(anonymous_4)","decl":{"start":{"line":26,"column":19},"end":{"line":26,"column":20}},"loc":{"start":{"line":26,"column":26},"end":{"line":29,"column":5}},"line":26}},"branchMap":{"0":{"loc":{"start":{"line":11,"column":6},"end":{"line":13,"column":7}},"type":"if","locations":[{"start":{"line":11,"column":6},"end":{"line":13,"column":7}},{"start":{"line":11,"column":6},"end":{"line":13,"column":7}}],"line":11},"1":{"loc":{"start":{"line":19,"column":6},"end":{"line":19,"column":39}},"type":"if","locations":[{"start":{"line":19,"column":6},"end":{"line":19,"column":39}},{"start":{"line":19,"column":6},"end":{"line":19,"column":39}}],"line":19},"2":{"loc":{"start":{"line":28,"column":6},"end":{"line":28,"column":39}},"type":"if","locations":[{"start":{"line":28,"column":6},"end":{"line":28,"column":39}},{"start":{"line":28,"column":6},"end":{"line":28,"column":39}}],"line":28}},"s":{"0":1,"1":2,"2":5,"3":1,"4":1,"5":1,"6":1,"7":3,"8":3,"9":1,"10":1,"11":0,"12":0,"13":0,"14":0,"15":0,"16":0,"17":0},"f":{"0":2,"1":5,"2":3,"3":0,"4":0},"b":{"0":[1,4],"1":[1,2],"2":[0,0]},"_coverageSchema":"1a1c01bbd47fc00a2c39e90264f33305004495a9","hash":"512987cae4d17a31f4759458449dc318751609e0"}
}
