TN:
SF:src/Neat.ts
FN:25,(anonymous_0)
FN:34,(anonymous_1)
FN:37,(anonymous_2)
FN:39,(anonymous_3)
FN:41,(anonymous_4)
FN:43,(anonymous_5)
FN:45,(anonymous_6)
FN:47,(anonymous_7)
FN:49,(anonymous_8)
FN:53,(anonymous_9)
FN:75,(anonymous_10)
FN:82,(anonymous_11)
FNF:12
FNH:12
FNDA:3,(anonymous_0)
FNDA:3,(anonymous_1)
FNDA:1,(anonymous_2)
FNDA:1,(anonymous_3)
FNDA:1,(anonymous_4)
FNDA:1,(anonymous_5)
FNDA:1,(anonymous_6)
FNDA:1,(anonymous_7)
FNDA:1,(anonymous_8)
FNDA:1,(anonymous_9)
FNDA:6,(anonymous_10)
FNDA:1,(anonymous_11)
DA:19,1
DA:26,3
DA:27,3
DA:33,1
DA:34,3
DA:50,1
DA:55,1
DA:57,1
DA:59,1
DA:61,1
DA:68,6
DA:69,6
DA:77,6
DA:79,3
DA:84,1
DA:85,1
DA:87,1
DA:89,1
DA:91,1
DA:92,1
DA:94,0
LF:21
LH:20
BRDA:26,0,0,3
BRDA:26,0,1,0
BRDA:34,1,0,3
BRDA:34,1,1,1
BRDA:77,2,0,6
BRDA:77,2,1,3
BRDA:91,3,0,1
BRDA:91,3,1,0
BRF:8
BRH:6
end_of_record
TN:
SF:src/utils/helpers.ts
FN:9,(anonymous_0)
FN:10,(anonymous_1)
FN:17,(anonymous_2)
FN:23,(anonymous_3)
FN:26,(anonymous_4)
FNF:5
FNH:3
FNDA:2,(anonymous_0)
FNDA:5,(anonymous_1)
FNDA:3,(anonymous_2)
FNDA:0,(anonymous_3)
FNDA:0,(anonymous_4)
DA:1,1
DA:10,2
DA:11,5
DA:12,1
DA:15,1
DA:16,1
DA:17,1
DA:18,3
DA:19,3
DA:21,1
DA:24,0
DA:25,0
DA:26,0
DA:27,0
DA:28,0
DA:30,0
LF:16
LH:10
BRDA:11,0,0,1
BRDA:11,0,1,4
BRDA:19,1,0,1
BRDA:19,1,1,2
BRDA:28,2,0,0
BRDA:28,2,1,0
BRF:6
BRH:4
end_of_record
